2021-06-18 23:50:28 array (
  'money' => '0.01',
  'name' => '商品',
  'out_trade_no' => '20210618235018410253',
  'pid' => '888427',
  'trade_no' => '2021061823502090788',
  'trade_status' => 'TRADE_SUCCESS',
  'type' => 'wxpay',
  'sign' => 'fb2b4f49bf899aee55f067c10429b6bc',
  'sign_type' => 'MD5',
)
2021-06-18 23:59:22 array (
  'money' => '0.01',
  'name' => '商品',
  'out_trade_no' => '20210618235911810437',
  'pid' => '888427',
  'trade_no' => '2021061823591285252',
  'trade_status' => 'TRADE_SUCCESS',
  'type' => 'wxpay',
  'sign' => '33973d35d4ec725c4322dc48ead803f8',
  'sign_type' => 'MD5',
)
2021-06-19 00:17:23 array (
  'money' => '1',
  'name' => '商品',
  'out_trade_no' => '20210619001713291384',
  'pid' => '888427',
  'trade_no' => '2021061900171495199',
  'trade_status' => 'TRADE_SUCCESS',
  'type' => 'wxpay',
  'sign' => 'aec48916dea8774eacca0c41ccd4fd97',
  'sign_type' => 'MD5',
)
2021-06-19 18:21:52 array (
  'money' => '29',
  'name' => '商品',
  'out_trade_no' => '20210619182139691740',
  'pid' => '888427',
  'trade_no' => '2021061918214069350',
  'trade_status' => 'TRADE_SUCCESS',
  'type' => 'wxpay',
  'sign' => '281dd93e26648740831e8f5bd378ad5f',
  'sign_type' => 'MD5',
)
2021-06-19 18:24:56 array (
  'money' => '1',
  'name' => '商品',
  'out_trade_no' => '20210619182445870246',
  'pid' => '888427',
  'trade_no' => '2021061918244535633',
  'trade_status' => 'TRADE_SUCCESS',
  'type' => 'wxpay',
  'sign' => '3073cdb553ebd0a2cc628b02962ddb8c',
  'sign_type' => 'MD5',
)
2021-06-25 19:19:11 array (
  'money' => '30',
  'name' => '商品',
  'out_trade_no' => '20210625191901814706',
  'pid' => '888427',
  'trade_no' => '2021062519190226786',
  'trade_status' => 'TRADE_SUCCESS',
  'type' => 'wxpay',
  'sign' => 'd6d3ceedbcf6b899f9f5bed3945a37d3',
  'sign_type' => 'MD5',
)
