---------------------------------------------------------------
[ 2021-12-26T20:46:59+08:00 ] 182.131.72.163 GET hezi.mazhongyuan.top:88/index/index/chongzhi.html
[运行时间：0.062471s] [吞吐率：16.01req/s] [内存消耗：3,608.66kb] [文件加载：122]
[ info ] [ BEHAVIOR ] Run Closure @app_init [ RunTime:0.000031s ]
[ info ] [ CACHE ] INIT File
[ info ] [ BEHAVIOR ] Run Closure @app_init [ RunTime:0.001535s ]
[ info ] [ LANG ] /www/wwwroot/hezi.com/thinkphp/lang/zh-cn.php
[ info ] [ ROUTE ] array (
  'type' => 'module',
  'module' => 
  array (
    0 => 'index',
    1 => 'index',
    2 => 'chongzhi',
  ),
)
[ info ] [ HEADER ] array (
  'cookie' => 'PHPSESSID=nq1l6hncnd4l9e5ndpetv73kch',
  'accept-language' => 'zh-CN,zh;q=0.9,en-US;q=0.8,en;q=0.7',
  'accept-encoding' => 'gzip, deflate',
  'referer' => 'http://hezi.mazhongyuan.top:88/index/index/shouye.html',
  'x-requested-with' => 'com.tencent.mm',
  'accept' => 'text/html,application/xhtml+xml,application/xml;q=0.9,image/webp,image/wxpic,image/tpg,image/apng,*/*;q=0.8,application/signed-exchange;v=b3;q=0.9',
  'user-agent' => 'Mozilla/5.0 (Linux; Android 11; KB2000 Build/RP1A.201005.001; wv) AppleWebKit/537.36 (KHTML, like Gecko) Version/4.0 Chrome/86.0.4240.99 XWEB/3171 MMWEBSDK/20210601 Mobile Safari/537.36 MMWEBID/1864 MicroMessenger/8.0.11.1980(0x28000B5B) Process/toolsmp WeChat/arm64 Weixin NetType/WIFI Language/zh_CN ABI/arm64',
  'upgrade-insecure-requests' => '1',
  'connection' => 'keep-alive',
  'host' => 'hezi.mazhongyuan.top:88',
  'content-type' => '',
  'content-length' => '',
)
[ info ] [ PARAM ] array (
)
[ info ] [ LANG ] /www/wwwroot/hezi.com/public/../application/index/lang/zh-cn.php
[ info ] [ BEHAVIOR ] Run app\common\behavior\Common @module_init [ RunTime:0.002244s ]
[ info ] [ SESSION ] INIT array (
  'id' => '',
  'var_session_id' => '',
  'prefix' => 'think',
  'type' => '',
  'auto_start' => true,
)
[ info ] [ DB ] INIT mysql
[ info ] [ RUN ] app\index\controller\Index->chongzhi[ /www/wwwroot/hezi.com/application/index/controller/Index.php ]
[ info ] [ VIEW ] /www/wwwroot/hezi.com/public/../application/index/view/index/chongzhi.html [ array (
  0 => 'user',
  1 => 'recharge_list',
) ]
[ info ] [ LOG ] INIT File
---------------------------------------------------------------
[ 2021-12-26T20:47:01+08:00 ] 182.131.72.163 POST hezi.mazhongyuan.top:88/index/index/chongzhi.html
[运行时间：0.075832s] [吞吐率：13.19req/s] [内存消耗：3,709.48kb] [文件加载：124]
[ info ] [ BEHAVIOR ] Run Closure @app_init [ RunTime:0.000032s ]
[ info ] [ CACHE ] INIT File
[ info ] [ BEHAVIOR ] Run Closure @app_init [ RunTime:0.001702s ]
[ info ] [ LANG ] /www/wwwroot/hezi.com/thinkphp/lang/zh-cn.php
[ info ] [ ROUTE ] array (
  'type' => 'module',
  'module' => 
  array (
    0 => 'index',
    1 => 'index',
    2 => 'chongzhi',
  ),
)
[ info ] [ HEADER ] array (
  'cookie' => 'PHPSESSID=nq1l6hncnd4l9e5ndpetv73kch',
  'accept-language' => 'zh-CN,zh;q=0.9,en-US;q=0.8,en;q=0.7',
  'accept-encoding' => 'gzip, deflate',
  'referer' => 'http://hezi.mazhongyuan.top:88/index/index/chongzhi.html',
  'origin' => 'http://hezi.mazhongyuan.top:88',
  'content-type' => 'application/x-www-form-urlencoded; charset=UTF-8',
  'user-agent' => 'Mozilla/5.0 (Linux; Android 11; KB2000 Build/RP1A.201005.001; wv) AppleWebKit/537.36 (KHTML, like Gecko) Version/4.0 Chrome/86.0.4240.99 XWEB/3171 MMWEBSDK/20210601 Mobile Safari/537.36 MMWEBID/1864 MicroMessenger/8.0.11.1980(0x28000B5B) Process/toolsmp WeChat/arm64 Weixin NetType/WIFI Language/zh_CN ABI/arm64',
  'x-requested-with' => 'XMLHttpRequest',
  'accept' => 'application/json, text/javascript, */*; q=0.01',
  'content-length' => '15',
  'connection' => 'keep-alive',
  'host' => 'hezi.mazhongyuan.top:88',
)
[ info ] [ PARAM ] array (
  'jine' => '200',
  'type' => '1',
)
[ info ] [ LANG ] /www/wwwroot/hezi.com/public/../application/index/lang/zh-cn.php
[ info ] [ BEHAVIOR ] Run app\common\behavior\Common @module_init [ RunTime:0.002474s ]
[ info ] [ SESSION ] INIT array (
  'id' => '',
  'var_session_id' => '',
  'prefix' => 'think',
  'type' => '',
  'auto_start' => true,
)
[ info ] [ DB ] INIT mysql
[ info ] [ RUN ] app\index\controller\Index->chongzhi[ /www/wwwroot/hezi.com/application/index/controller/Index.php ]
[ info ] [ LOG ] INIT File
---------------------------------------------------------------
[ 2021-12-26T20:47:01+08:00 ] 182.131.72.163 GET hezi.mazhongyuan.top:88/index/index/niuhtml/out_trade_no/20211226204701645302.html
[运行时间：0.055323s] [吞吐率：18.08req/s] [内存消耗：3,556.80kb] [文件加载：119]
[ info ] [ BEHAVIOR ] Run Closure @app_init [ RunTime:0.000025s ]
[ info ] [ CACHE ] INIT File
[ info ] [ BEHAVIOR ] Run Closure @app_init [ RunTime:0.001359s ]
[ info ] [ LANG ] /www/wwwroot/hezi.com/thinkphp/lang/zh-cn.php
[ info ] [ ROUTE ] array (
  'type' => 'module',
  'module' => 
  array (
    0 => 'index',
    1 => 'index',
    2 => 'niuhtml',
  ),
)
[ info ] [ HEADER ] array (
  'cookie' => 'PHPSESSID=nq1l6hncnd4l9e5ndpetv73kch',
  'accept-language' => 'zh-CN,zh;q=0.9,en-US;q=0.8,en;q=0.7',
  'accept-encoding' => 'gzip, deflate',
  'referer' => 'http://hezi.mazhongyuan.top:88/index/index/chongzhi.html',
  'x-requested-with' => 'com.tencent.mm',
  'accept' => 'text/html,application/xhtml+xml,application/xml;q=0.9,image/webp,image/wxpic,image/tpg,image/apng,*/*;q=0.8,application/signed-exchange;v=b3;q=0.9',
  'user-agent' => 'Mozilla/5.0 (Linux; Android 11; KB2000 Build/RP1A.201005.001; wv) AppleWebKit/537.36 (KHTML, like Gecko) Version/4.0 Chrome/86.0.4240.99 XWEB/3171 MMWEBSDK/20210601 Mobile Safari/537.36 MMWEBID/1864 MicroMessenger/8.0.11.1980(0x28000B5B) Process/toolsmp WeChat/arm64 Weixin NetType/WIFI Language/zh_CN ABI/arm64',
  'upgrade-insecure-requests' => '1',
  'connection' => 'keep-alive',
  'host' => 'hezi.mazhongyuan.top:88',
  'content-type' => '',
  'content-length' => '',
)
[ info ] [ PARAM ] array (
  'out_trade_no' => '20211226204701645302',
)
[ info ] [ LANG ] /www/wwwroot/hezi.com/public/../application/index/lang/zh-cn.php
[ info ] [ BEHAVIOR ] Run app\common\behavior\Common @module_init [ RunTime:0.001869s ]
[ info ] [ SESSION ] INIT array (
  'id' => '',
  'var_session_id' => '',
  'prefix' => 'think',
  'type' => '',
  'auto_start' => true,
)
[ info ] [ DB ] INIT mysql
[ info ] [ RUN ] app\index\controller\Index->niuhtml[ /www/wwwroot/hezi.com/application/index/controller/Index.php ]
[ info ] [ LOG ] INIT File
---------------------------------------------------------------
[ 2021-12-26T20:47:03+08:00 ] 182.131.72.163 GET hezi.mazhongyuan.top:88/index/index/chongzhi.html
[运行时间：0.067167s] [吞吐率：14.89req/s] [内存消耗：3,608.70kb] [文件加载：122]
[ info ] [ BEHAVIOR ] Run Closure @app_init [ RunTime:0.000032s ]
[ info ] [ CACHE ] INIT File
[ info ] [ BEHAVIOR ] Run Closure @app_init [ RunTime:0.001595s ]
[ info ] [ LANG ] /www/wwwroot/hezi.com/thinkphp/lang/zh-cn.php
[ info ] [ ROUTE ] array (
  'type' => 'module',
  'module' => 
  array (
    0 => 'index',
    1 => 'index',
    2 => 'chongzhi',
  ),
)
[ info ] [ HEADER ] array (
  'cookie' => 'PHPSESSID=nq1l6hncnd4l9e5ndpetv73kch',
  'accept-language' => 'zh-CN,zh;q=0.9,en-US;q=0.8,en;q=0.7',
  'accept-encoding' => 'gzip, deflate',
  'referer' => 'http://hezi.mazhongyuan.top:88/index/index/shouye.html',
  'x-requested-with' => 'com.tencent.mm',
  'accept' => 'text/html,application/xhtml+xml,application/xml;q=0.9,image/webp,image/wxpic,image/tpg,image/apng,*/*;q=0.8,application/signed-exchange;v=b3;q=0.9',
  'user-agent' => 'Mozilla/5.0 (Linux; Android 11; KB2000 Build/RP1A.201005.001; wv) AppleWebKit/537.36 (KHTML, like Gecko) Version/4.0 Chrome/86.0.4240.99 XWEB/3171 MMWEBSDK/20210601 Mobile Safari/537.36 MMWEBID/1864 MicroMessenger/8.0.11.1980(0x28000B5B) Process/toolsmp WeChat/arm64 Weixin NetType/WIFI Language/zh_CN ABI/arm64',
  'upgrade-insecure-requests' => '1',
  'connection' => 'keep-alive',
  'host' => 'hezi.mazhongyuan.top:88',
  'content-type' => '',
  'content-length' => '',
)
[ info ] [ PARAM ] array (
)
[ info ] [ LANG ] /www/wwwroot/hezi.com/public/../application/index/lang/zh-cn.php
[ info ] [ BEHAVIOR ] Run app\common\behavior\Common @module_init [ RunTime:0.002280s ]
[ info ] [ SESSION ] INIT array (
  'id' => '',
  'var_session_id' => '',
  'prefix' => 'think',
  'type' => '',
  'auto_start' => true,
)
[ info ] [ DB ] INIT mysql
[ info ] [ RUN ] app\index\controller\Index->chongzhi[ /www/wwwroot/hezi.com/application/index/controller/Index.php ]
[ info ] [ VIEW ] /www/wwwroot/hezi.com/public/../application/index/view/index/chongzhi.html [ array (
  0 => 'user',
  1 => 'recharge_list',
) ]
[ info ] [ LOG ] INIT File
---------------------------------------------------------------
[ 2021-12-26T20:47:04+08:00 ] 182.131.72.163 GET hezi.mazhongyuan.top:88/index/index/shouye.html
[运行时间：0.069301s] [吞吐率：14.43req/s] [内存消耗：3,653.18kb] [文件加载：122]
[ info ] [ BEHAVIOR ] Run Closure @app_init [ RunTime:0.000032s ]
[ info ] [ CACHE ] INIT File
[ info ] [ BEHAVIOR ] Run Closure @app_init [ RunTime:0.001689s ]
[ info ] [ LANG ] /www/wwwroot/hezi.com/thinkphp/lang/zh-cn.php
[ info ] [ ROUTE ] array (
  'type' => 'module',
  'module' => 
  array (
    0 => 'index',
    1 => 'index',
    2 => 'shouye',
  ),
)
[ info ] [ HEADER ] array (
  'cookie' => 'PHPSESSID=nq1l6hncnd4l9e5ndpetv73kch',
  'accept-language' => 'zh-CN,zh;q=0.9,en-US;q=0.8,en;q=0.7',
  'accept-encoding' => 'gzip, deflate',
  'referer' => 'http://qingfenggzh.ekingo.mobi/r/c0ad5af33bef5b9cc1db8777ad9221a7.php?appid=wx258b9c67e5bc8aa5&redirect_uri=http%3A%2F%2Fhezi.mazhongyuan.top%3A88%2Findex%2Flogin%2Flogin.html%3Fp_id%3D5060&response_type=code&scope=snsapi_userinfo&state=02674391&code=0414K4000kAo1N1HqI100PAiyo44K403&state=02674391',
  'x-requested-with' => 'com.tencent.mm',
  'accept' => 'text/html,application/xhtml+xml,application/xml;q=0.9,image/webp,image/wxpic,image/tpg,image/apng,*/*;q=0.8,application/signed-exchange;v=b3;q=0.9',
  'user-agent' => 'Mozilla/5.0 (Linux; Android 11; KB2000 Build/RP1A.201005.001; wv) AppleWebKit/537.36 (KHTML, like Gecko) Version/4.0 Chrome/86.0.4240.99 XWEB/3171 MMWEBSDK/20210601 Mobile Safari/537.36 MMWEBID/1864 MicroMessenger/8.0.11.1980(0x28000B5B) Process/toolsmp WeChat/arm64 Weixin NetType/WIFI Language/zh_CN ABI/arm64',
  'upgrade-insecure-requests' => '1',
  'connection' => 'keep-alive',
  'host' => 'hezi.mazhongyuan.top:88',
  'content-type' => '',
  'content-length' => '',
)
[ info ] [ PARAM ] array (
)
[ info ] [ LANG ] /www/wwwroot/hezi.com/public/../application/index/lang/zh-cn.php
[ info ] [ BEHAVIOR ] Run app\common\behavior\Common @module_init [ RunTime:0.002454s ]
[ info ] [ SESSION ] INIT array (
  'id' => '',
  'var_session_id' => '',
  'prefix' => 'think',
  'type' => '',
  'auto_start' => true,
)
[ info ] [ DB ] INIT mysql
[ info ] [ RUN ] app\index\controller\Index->shouye[ /www/wwwroot/hezi.com/application/index/controller/Index.php ]
[ info ] [ VIEW ] /www/wwwroot/hezi.com/public/../application/index/view/index/shouye.html [ array (
  0 => 'user',
  1 => 'box_price',
) ]
[ info ] [ LOG ] INIT File
---------------------------------------------------------------
[ 2021-12-26T20:47:04+08:00 ] 182.131.72.163 GET hezi.mazhongyuan.top:88/index/index/danmu.html
[运行时间：0.063756s] [吞吐率：15.68req/s] [内存消耗：3,553.41kb] [文件加载：121]
[ info ] [ BEHAVIOR ] Run Closure @app_init [ RunTime:0.000029s ]
[ info ] [ CACHE ] INIT File
[ info ] [ BEHAVIOR ] Run Closure @app_init [ RunTime:0.001588s ]
[ info ] [ LANG ] /www/wwwroot/hezi.com/thinkphp/lang/zh-cn.php
[ info ] [ ROUTE ] array (
  'type' => 'module',
  'module' => 
  array (
    0 => 'index',
    1 => 'index',
    2 => 'danmu',
  ),
)
[ info ] [ HEADER ] array (
  'cookie' => 'PHPSESSID=nq1l6hncnd4l9e5ndpetv73kch',
  'accept-language' => 'zh-CN,zh;q=0.9,en-US;q=0.8,en;q=0.7',
  'accept-encoding' => 'gzip, deflate',
  'referer' => 'http://hezi.mazhongyuan.top:88/index/index/shouye.html',
  'x-requested-with' => 'XMLHttpRequest',
  'user-agent' => 'Mozilla/5.0 (Linux; Android 11; KB2000 Build/RP1A.201005.001; wv) AppleWebKit/537.36 (KHTML, like Gecko) Version/4.0 Chrome/86.0.4240.99 XWEB/3171 MMWEBSDK/20210601 Mobile Safari/537.36 MMWEBID/1864 MicroMessenger/8.0.11.1980(0x28000B5B) Process/toolsmp WeChat/arm64 Weixin NetType/WIFI Language/zh_CN ABI/arm64',
  'accept' => 'application/json, text/javascript, */*; q=0.01',
  'connection' => 'keep-alive',
  'host' => 'hezi.mazhongyuan.top:88',
  'content-type' => '',
  'content-length' => '',
)
[ info ] [ PARAM ] array (
)
[ info ] [ LANG ] /www/wwwroot/hezi.com/public/../application/index/lang/zh-cn.php
[ info ] [ BEHAVIOR ] Run app\common\behavior\Common @module_init [ RunTime:0.002277s ]
[ info ] [ SESSION ] INIT array (
  'id' => '',
  'var_session_id' => '',
  'prefix' => 'think',
  'type' => '',
  'auto_start' => true,
)
[ info ] [ DB ] INIT mysql
[ info ] [ RUN ] app\index\controller\Index->danmu[ /www/wwwroot/hezi.com/application/index/controller/Index.php ]
[ info ] [ LOG ] INIT File
---------------------------------------------------------------
[ 2021-12-26T20:54:13+08:00 ] 61.151.178.163 GET hezi.mazhongyuan.top:88/index/index/shouye.html
[运行时间：0.050593s] [吞吐率：19.77req/s] [内存消耗：2,779.58kb] [文件加载：117]
[ info ] [ BEHAVIOR ] Run Closure @app_init [ RunTime:0.000031s ]
[ info ] [ CACHE ] INIT File
[ info ] [ BEHAVIOR ] Run Closure @app_init [ RunTime:0.001616s ]
[ info ] [ LANG ] /www/wwwroot/hezi.com/thinkphp/lang/zh-cn.php
[ info ] [ ROUTE ] array (
  'type' => 'module',
  'module' => 
  array (
    0 => 'index',
    1 => 'index',
    2 => 'shouye',
  ),
)
[ info ] [ HEADER ] array (
  'connection' => 'keep-alive',
  'host' => 'hezi.mazhongyuan.top:88',
  'accept-language' => 'zh-CN,zh;q=0.8,en-US;q=0.6,en;q=0.4',
  'accept' => '*/*',
  'user-agent' => 'Mozilla/5.0 (Linux; Android 4.4.4; Coolpad Y82-520 Build/KTU84P) AppleWebKit/537.36 (KHTML, like Gecko) Version/4.0 Chrome/33.0.0.0 Mobile Safari/537.36 MicroMessenger/6.5.4.1000 NetType/4G Language/zh_CN',
  'content-type' => '',
  'content-length' => '',
)
[ info ] [ PARAM ] array (
)
[ info ] [ LANG ] /www/wwwroot/hezi.com/public/../application/index/lang/zh-cn.php
[ info ] [ BEHAVIOR ] Run app\common\behavior\Common @module_init [ RunTime:0.002278s ]
[ info ] [ SESSION ] INIT array (
  'id' => '',
  'var_session_id' => '',
  'prefix' => 'think',
  'type' => '',
  'auto_start' => true,
)
[ info ] [ LOG ] INIT File
---------------------------------------------------------------
[ 2021-12-26T20:54:14+08:00 ] 61.151.178.163 GET hezi.mazhongyuan.top:88/index/login/login/p_id/0.html
[运行时间：0.046480s] [吞吐率：21.51req/s] [内存消耗：2,490.29kb] [文件加载：113]
[ info ] [ BEHAVIOR ] Run Closure @app_init [ RunTime:0.000060s ]
[ info ] [ CACHE ] INIT File
[ info ] [ BEHAVIOR ] Run Closure @app_init [ RunTime:0.001524s ]
[ info ] [ LANG ] /www/wwwroot/hezi.com/thinkphp/lang/zh-cn.php
[ info ] [ ROUTE ] array (
  'type' => 'module',
  'module' => 
  array (
    0 => 'index',
    1 => 'login',
    2 => 'login',
  ),
)
[ info ] [ HEADER ] array (
  'connection' => 'keep-alive',
  'host' => 'hezi.mazhongyuan.top:88',
  'accept-language' => 'zh-CN,zh;q=0.8,en-US;q=0.6,en;q=0.4',
  'cookie' => 'PHPSESSID=ir882ntt014ktsm5sssoae4ma6',
  'referer' => 'http://hezi.mazhongyuan.top:88/index/index/shouye.html',
  'accept' => '*/*',
  'user-agent' => 'Mozilla/5.0 (Linux; Android 4.4.4; Coolpad Y82-520 Build/KTU84P) AppleWebKit/537.36 (KHTML, like Gecko) Version/4.0 Chrome/33.0.0.0 Mobile Safari/537.36 MicroMessenger/6.5.4.1000 NetType/4G Language/zh_CN',
  'content-type' => '',
  'content-length' => '',
)
[ info ] [ PARAM ] array (
  'p_id' => '0',
)
[ info ] [ LANG ] /www/wwwroot/hezi.com/public/../application/index/lang/zh-cn.php
[ info ] [ BEHAVIOR ] Run app\common\behavior\Common @module_init [ RunTime:0.002125s ]
[ info ] [ RUN ] app\index\controller\Login->login[ /www/wwwroot/hezi.com/application/index/controller/Login.php ]
[ info ] [ LOG ] INIT File
---------------------------------------------------------------
[ 2021-12-26T21:10:56+08:00 ] 101.89.19.197 GET hezi.mazhongyuan.top:88/index/index/my.html?openid=ovg3U6GCpfPOL4iLr7IthzlPHbEc
[运行时间：0.049126s] [吞吐率：20.36req/s] [内存消耗：2,779.89kb] [文件加载：117]
[ info ] [ BEHAVIOR ] Run Closure @app_init [ RunTime:0.000033s ]
[ info ] [ CACHE ] INIT File
[ info ] [ BEHAVIOR ] Run Closure @app_init [ RunTime:0.001608s ]
[ info ] [ LANG ] /www/wwwroot/hezi.com/thinkphp/lang/zh-cn.php
[ info ] [ ROUTE ] array (
  'type' => 'module',
  'module' => 
  array (
    0 => 'index',
    1 => 'index',
    2 => 'my',
  ),
)
[ info ] [ HEADER ] array (
  'connection' => 'keep-alive',
  'host' => 'hezi.mazhongyuan.top:88',
  'accept-language' => 'zh-CN,zh;q=0.8,en-US;q=0.6,en;q=0.4',
  'accept' => '*/*',
  'user-agent' => 'Mozilla/5.0 (iPhone; CPU iPhone OS 10_2_1 like Mac OS X) AppleWebKit/602.4.6 (KHTML, like Gecko) Mobile/14D27 MicroMessenger/6.5.5 NetType/WIFI Language/zh_CN',
  'content-type' => '',
  'content-length' => '',
)
[ info ] [ PARAM ] array (
  'openid' => 'ovg3U6GCpfPOL4iLr7IthzlPHbEc',
)
[ info ] [ LANG ] /www/wwwroot/hezi.com/public/../application/index/lang/zh-cn.php
[ info ] [ BEHAVIOR ] Run app\common\behavior\Common @module_init [ RunTime:0.002465s ]
[ info ] [ SESSION ] INIT array (
  'id' => '',
  'var_session_id' => '',
  'prefix' => 'think',
  'type' => '',
  'auto_start' => true,
)
[ info ] [ LOG ] INIT File
---------------------------------------------------------------
[ 2021-12-26T21:10:57+08:00 ] 101.89.19.197 GET hezi.mazhongyuan.top:88/index/login/login/p_id/0.html
[运行时间：0.049122s] [吞吐率：20.36req/s] [内存消耗：2,490.23kb] [文件加载：113]
[ info ] [ BEHAVIOR ] Run Closure @app_init [ RunTime:0.000032s ]
[ info ] [ CACHE ] INIT File
[ info ] [ BEHAVIOR ] Run Closure @app_init [ RunTime:0.001697s ]
[ info ] [ LANG ] /www/wwwroot/hezi.com/thinkphp/lang/zh-cn.php
[ info ] [ ROUTE ] array (
  'type' => 'module',
  'module' => 
  array (
    0 => 'index',
    1 => 'login',
    2 => 'login',
  ),
)
[ info ] [ HEADER ] array (
  'connection' => 'keep-alive',
  'host' => 'hezi.mazhongyuan.top:88',
  'accept-language' => 'zh-CN,zh;q=0.8,en-US;q=0.6,en;q=0.4',
  'cookie' => 'PHPSESSID=i86qcisfq63q0s40iasmpq39r2',
  'referer' => 'http://hezi.mazhongyuan.top:88/index/index/my.html?openid=ovg3U6GCpfPOL4iLr7IthzlPHbEc',
  'accept' => '*/*',
  'user-agent' => 'Mozilla/5.0 (iPhone; CPU iPhone OS 10_2_1 like Mac OS X) AppleWebKit/602.4.6 (KHTML, like Gecko) Mobile/14D27 MicroMessenger/6.5.5 NetType/WIFI Language/zh_CN',
  'content-type' => '',
  'content-length' => '',
)
[ info ] [ PARAM ] array (
  'p_id' => '0',
)
[ info ] [ LANG ] /www/wwwroot/hezi.com/public/../application/index/lang/zh-cn.php
[ info ] [ BEHAVIOR ] Run app\common\behavior\Common @module_init [ RunTime:0.002410s ]
[ info ] [ RUN ] app\index\controller\Login->login[ /www/wwwroot/hezi.com/application/index/controller/Login.php ]
[ info ] [ LOG ] INIT File
