---------------------------------------------------------------
[ 2022-01-11T23:17:07+08:00 ] 183.221.41.14 GET 162.14.96.235/index/index/shouye.html
[运行时间：0.006736s] [吞吐率：148.46req/s] [内存消耗：561.22kb] [文件加载：122]
[ info ] [ BEHAVIOR ] Run Closure @app_init [ RunTime:0.000017s ]
[ info ] [ CACHE ] INIT File
[ info ] [ BEHAVIOR ] Run Closure @app_init [ RunTime:0.000198s ]
[ info ] [ LANG ] /www/wwwroot/162.14.96.235/thinkphp/lang/zh-cn.php
[ info ] [ ROUTE ] array (
  'type' => 'module',
  'module' => 
  array (
    0 => 'index',
    1 => 'index',
    2 => 'shouye',
  ),
)
[ info ] [ HEADER ] array (
  'cookie' => 'PHPSESSID=obg1l2citp9sr3im7fuo321l3i',
  'accept-language' => 'zh-CN,zh;q=0.9',
  'accept-encoding' => 'gzip, deflate',
  'referer' => 'http://162.14.96.235/index/index/goods.html',
  'accept' => 'text/html,application/xhtml+xml,application/xml;q=0.9,image/avif,image/webp,image/apng,*/*;q=0.8,application/signed-exchange;v=b3;q=0.9',
  'user-agent' => 'Mozilla/5.0 (iPhone; CPU iPhone OS 10_3_1 like Mac OS X) AppleWebKit/603.1.3 (KHTML, like Gecko) Version/10.0 Mobile/14E304 Safari/602.1 wechatdevtools/1.05.2111300 MicroMessenger/8.0.5 Language/zh_CN webview/16419006949438054 webdebugger port/35221 token/0c8064f4d78dc2cc03e02edad7057e61',
  'upgrade-insecure-requests' => '1',
  'connection' => 'keep-alive',
  'host' => '162.14.96.235',
  'content-type' => '',
  'content-length' => '',
)
[ info ] [ PARAM ] array (
)
[ info ] [ LANG ] /www/wwwroot/162.14.96.235/public/../application/index/lang/zh-cn.php
[ info ] [ BEHAVIOR ] Run app\common\behavior\Common @module_init [ RunTime:0.000076s ]
[ info ] [ SESSION ] INIT array (
  'id' => '',
  'var_session_id' => '',
  'prefix' => 'think',
  'type' => '',
  'auto_start' => true,
)
[ info ] [ DB ] INIT mysql
[ info ] [ RUN ] app\index\controller\Index->shouye[ /www/wwwroot/162.14.96.235/application/index/controller/Index.php ]
[ info ] [ VIEW ] /www/wwwroot/162.14.96.235/public/../application/index/view/index/shouye.html [ array (
  0 => 'user',
  1 => 'box_price',
) ]
[ info ] [ LOG ] INIT File
---------------------------------------------------------------
[ 2022-01-11T23:17:07+08:00 ] 183.221.41.14 GET 162.14.96.235/index/index/danmu.html
[运行时间：0.005387s] [吞吐率：185.63req/s] [内存消耗：494.98kb] [文件加载：121]
[ info ] [ BEHAVIOR ] Run Closure @app_init [ RunTime:0.000021s ]
[ info ] [ CACHE ] INIT File
[ info ] [ BEHAVIOR ] Run Closure @app_init [ RunTime:0.000200s ]
[ info ] [ LANG ] /www/wwwroot/162.14.96.235/thinkphp/lang/zh-cn.php
[ info ] [ ROUTE ] array (
  'type' => 'module',
  'module' => 
  array (
    0 => 'index',
    1 => 'index',
    2 => 'danmu',
  ),
)
[ info ] [ HEADER ] array (
  'cookie' => 'PHPSESSID=obg1l2citp9sr3im7fuo321l3i',
  'accept-language' => 'zh-CN,zh;q=0.9',
  'accept-encoding' => 'gzip, deflate',
  'referer' => 'http://162.14.96.235/index/index/shouye.html',
  'x-requested-with' => 'XMLHttpRequest',
  'user-agent' => 'Mozilla/5.0 (iPhone; CPU iPhone OS 10_3_1 like Mac OS X) AppleWebKit/603.1.3 (KHTML, like Gecko) Version/10.0 Mobile/14E304 Safari/602.1 wechatdevtools/1.05.2111300 MicroMessenger/8.0.5 Language/zh_CN webview/16419006949438054 webdebugger port/35221 token/0c8064f4d78dc2cc03e02edad7057e61',
  'accept' => 'application/json, text/javascript, */*; q=0.01',
  'connection' => 'keep-alive',
  'host' => '162.14.96.235',
  'content-type' => '',
  'content-length' => '',
)
[ info ] [ PARAM ] array (
)
[ info ] [ LANG ] /www/wwwroot/162.14.96.235/public/../application/index/lang/zh-cn.php
[ info ] [ BEHAVIOR ] Run app\common\behavior\Common @module_init [ RunTime:0.000086s ]
[ info ] [ SESSION ] INIT array (
  'id' => '',
  'var_session_id' => '',
  'prefix' => 'think',
  'type' => '',
  'auto_start' => true,
)
[ info ] [ DB ] INIT mysql
[ info ] [ RUN ] app\index\controller\Index->danmu[ /www/wwwroot/162.14.96.235/application/index/controller/Index.php ]
[ info ] [ LOG ] INIT File
---------------------------------------------------------------
[ 2022-01-11T23:17:14+08:00 ] 183.221.41.14 POST 162.14.96.235/index/index/open_box.html
[运行时间：0.009531s] [吞吐率：104.92req/s] [内存消耗：493.60kb] [文件加载：121]
[ info ] [ BEHAVIOR ] Run Closure @app_init [ RunTime:0.000015s ]
[ info ] [ CACHE ] INIT File
[ info ] [ BEHAVIOR ] Run Closure @app_init [ RunTime:0.000219s ]
[ info ] [ LANG ] /www/wwwroot/162.14.96.235/thinkphp/lang/zh-cn.php
[ info ] [ ROUTE ] array (
  'type' => 'module',
  'module' => 
  array (
    0 => 'index',
    1 => 'index',
    2 => 'open_box',
  ),
)
[ info ] [ HEADER ] array (
  'cookie' => 'PHPSESSID=obg1l2citp9sr3im7fuo321l3i',
  'accept-language' => 'zh-CN,zh;q=0.9',
  'accept-encoding' => 'gzip, deflate',
  'referer' => 'http://162.14.96.235/index/index/shouye.html',
  'origin' => 'http://162.14.96.235',
  'content-type' => 'application/x-www-form-urlencoded; charset=UTF-8',
  'user-agent' => 'Mozilla/5.0 (iPhone; CPU iPhone OS 10_3_1 like Mac OS X) AppleWebKit/603.1.3 (KHTML, like Gecko) Version/10.0 Mobile/14E304 Safari/602.1 wechatdevtools/1.05.2111300 MicroMessenger/8.0.5 Language/zh_CN webview/16419006949438054 webdebugger port/35221 token/0c8064f4d78dc2cc03e02edad7057e61',
  'x-requested-with' => 'XMLHttpRequest',
  'accept' => '*/*',
  'content-length' => '7',
  'connection' => 'keep-alive',
  'host' => '162.14.96.235',
)
[ info ] [ PARAM ] array (
  'fudai' => '0',
)
[ info ] [ LANG ] /www/wwwroot/162.14.96.235/public/../application/index/lang/zh-cn.php
[ info ] [ BEHAVIOR ] Run app\common\behavior\Common @module_init [ RunTime:0.000107s ]
[ info ] [ SESSION ] INIT array (
  'id' => '',
  'var_session_id' => '',
  'prefix' => 'think',
  'type' => '',
  'auto_start' => true,
)
[ info ] [ DB ] INIT mysql
[ info ] [ RUN ] app\index\controller\Index->open_box[ /www/wwwroot/162.14.96.235/application/index/controller/Index.php ]
[ info ] [ LOG ] INIT File
---------------------------------------------------------------
[ 2022-01-11T23:17:17+08:00 ] 183.221.41.14 GET 162.14.96.235/index/index/danmu.html
[运行时间：0.005552s] [吞吐率：180.12req/s] [内存消耗：494.98kb] [文件加载：121]
[ info ] [ BEHAVIOR ] Run Closure @app_init [ RunTime:0.000017s ]
[ info ] [ CACHE ] INIT File
[ info ] [ BEHAVIOR ] Run Closure @app_init [ RunTime:0.000193s ]
[ info ] [ LANG ] /www/wwwroot/162.14.96.235/thinkphp/lang/zh-cn.php
[ info ] [ ROUTE ] array (
  'type' => 'module',
  'module' => 
  array (
    0 => 'index',
    1 => 'index',
    2 => 'danmu',
  ),
)
[ info ] [ HEADER ] array (
  'cookie' => 'PHPSESSID=obg1l2citp9sr3im7fuo321l3i',
  'accept-language' => 'zh-CN,zh;q=0.9',
  'accept-encoding' => 'gzip, deflate',
  'referer' => 'http://162.14.96.235/index/index/shouye.html',
  'x-requested-with' => 'XMLHttpRequest',
  'user-agent' => 'Mozilla/5.0 (iPhone; CPU iPhone OS 10_3_1 like Mac OS X) AppleWebKit/603.1.3 (KHTML, like Gecko) Version/10.0 Mobile/14E304 Safari/602.1 wechatdevtools/1.05.2111300 MicroMessenger/8.0.5 Language/zh_CN webview/16419006949438054 webdebugger port/35221 token/0c8064f4d78dc2cc03e02edad7057e61',
  'accept' => 'application/json, text/javascript, */*; q=0.01',
  'connection' => 'keep-alive',
  'host' => '162.14.96.235',
  'content-type' => '',
  'content-length' => '',
)
[ info ] [ PARAM ] array (
)
[ info ] [ LANG ] /www/wwwroot/162.14.96.235/public/../application/index/lang/zh-cn.php
[ info ] [ BEHAVIOR ] Run app\common\behavior\Common @module_init [ RunTime:0.000087s ]
[ info ] [ SESSION ] INIT array (
  'id' => '',
  'var_session_id' => '',
  'prefix' => 'think',
  'type' => '',
  'auto_start' => true,
)
[ info ] [ DB ] INIT mysql
[ info ] [ RUN ] app\index\controller\Index->danmu[ /www/wwwroot/162.14.96.235/application/index/controller/Index.php ]
[ info ] [ LOG ] INIT File
---------------------------------------------------------------
[ 2022-01-11T23:17:17+08:00 ] 183.221.41.14 GET 162.14.96.235/index/index/danmu.html
[运行时间：0.005096s] [吞吐率：196.23req/s] [内存消耗：494.98kb] [文件加载：121]
[ info ] [ BEHAVIOR ] Run Closure @app_init [ RunTime:0.000017s ]
[ info ] [ CACHE ] INIT File
[ info ] [ BEHAVIOR ] Run Closure @app_init [ RunTime:0.000185s ]
[ info ] [ LANG ] /www/wwwroot/162.14.96.235/thinkphp/lang/zh-cn.php
[ info ] [ ROUTE ] array (
  'type' => 'module',
  'module' => 
  array (
    0 => 'index',
    1 => 'index',
    2 => 'danmu',
  ),
)
[ info ] [ HEADER ] array (
  'cookie' => 'PHPSESSID=obg1l2citp9sr3im7fuo321l3i',
  'accept-language' => 'zh-CN,zh;q=0.9',
  'accept-encoding' => 'gzip, deflate',
  'referer' => 'http://162.14.96.235/index/index/shouye.html',
  'x-requested-with' => 'XMLHttpRequest',
  'user-agent' => 'Mozilla/5.0 (iPhone; CPU iPhone OS 10_3_1 like Mac OS X) AppleWebKit/603.1.3 (KHTML, like Gecko) Version/10.0 Mobile/14E304 Safari/602.1 wechatdevtools/1.05.2111300 MicroMessenger/8.0.5 Language/zh_CN webview/16419006949438054 webdebugger port/35221 token/0c8064f4d78dc2cc03e02edad7057e61',
  'accept' => 'application/json, text/javascript, */*; q=0.01',
  'connection' => 'keep-alive',
  'host' => '162.14.96.235',
  'content-type' => '',
  'content-length' => '',
)
[ info ] [ PARAM ] array (
)
[ info ] [ LANG ] /www/wwwroot/162.14.96.235/public/../application/index/lang/zh-cn.php
[ info ] [ BEHAVIOR ] Run app\common\behavior\Common @module_init [ RunTime:0.000081s ]
[ info ] [ SESSION ] INIT array (
  'id' => '',
  'var_session_id' => '',
  'prefix' => 'think',
  'type' => '',
  'auto_start' => true,
)
[ info ] [ DB ] INIT mysql
[ info ] [ RUN ] app\index\controller\Index->danmu[ /www/wwwroot/162.14.96.235/application/index/controller/Index.php ]
[ info ] [ LOG ] INIT File
---------------------------------------------------------------
[ 2022-01-11T23:17:22+08:00 ] 183.221.41.14 GET 162.14.96.235/index/index/cart.html?order_id=undefined
[运行时间：0.009084s] [吞吐率：110.08req/s] [内存消耗：563.55kb] [文件加载：123]
[ info ] [ BEHAVIOR ] Run Closure @app_init [ RunTime:0.000016s ]
[ info ] [ CACHE ] INIT File
[ info ] [ BEHAVIOR ] Run Closure @app_init [ RunTime:0.000220s ]
[ info ] [ LANG ] /www/wwwroot/162.14.96.235/thinkphp/lang/zh-cn.php
[ info ] [ ROUTE ] array (
  'type' => 'module',
  'module' => 
  array (
    0 => 'index',
    1 => 'index',
    2 => 'cart',
  ),
)
[ info ] [ HEADER ] array (
  'cookie' => 'PHPSESSID=obg1l2citp9sr3im7fuo321l3i',
  'accept-language' => 'zh-CN,zh;q=0.9',
  'accept-encoding' => 'gzip, deflate',
  'referer' => 'http://162.14.96.235/index/index/shouye.html',
  'accept' => 'text/html,application/xhtml+xml,application/xml;q=0.9,image/avif,image/webp,image/apng,*/*;q=0.8,application/signed-exchange;v=b3;q=0.9',
  'user-agent' => 'Mozilla/5.0 (iPhone; CPU iPhone OS 10_3_1 like Mac OS X) AppleWebKit/603.1.3 (KHTML, like Gecko) Version/10.0 Mobile/14E304 Safari/602.1 wechatdevtools/1.05.2111300 MicroMessenger/8.0.5 Language/zh_CN webview/16419006949438054 webdebugger port/35221 token/0c8064f4d78dc2cc03e02edad7057e61',
  'upgrade-insecure-requests' => '1',
  'connection' => 'keep-alive',
  'host' => '162.14.96.235',
  'content-type' => '',
  'content-length' => '',
)
[ info ] [ PARAM ] array (
  'order_id' => 'undefined',
)
[ info ] [ LANG ] /www/wwwroot/162.14.96.235/public/../application/index/lang/zh-cn.php
[ info ] [ BEHAVIOR ] Run app\common\behavior\Common @module_init [ RunTime:0.000120s ]
[ info ] [ SESSION ] INIT array (
  'id' => '',
  'var_session_id' => '',
  'prefix' => 'think',
  'type' => '',
  'auto_start' => true,
)
[ info ] [ DB ] INIT mysql
[ info ] [ RUN ] app\index\controller\Index->cart[ /www/wwwroot/162.14.96.235/application/index/controller/Index.php ]
[ info ] [ LOG ] INIT File
---------------------------------------------------------------
[ 2022-01-11T23:17:22+08:00 ] 183.221.41.14 GET 162.14.96.235/index/index/order.html
[运行时间：0.005991s] [吞吐率：166.92req/s] [内存消耗：579.94kb] [文件加载：124]
[ info ] [ BEHAVIOR ] Run Closure @app_init [ RunTime:0.000017s ]
[ info ] [ CACHE ] INIT File
[ info ] [ BEHAVIOR ] Run Closure @app_init [ RunTime:0.000216s ]
[ info ] [ LANG ] /www/wwwroot/162.14.96.235/thinkphp/lang/zh-cn.php
[ info ] [ ROUTE ] array (
  'type' => 'module',
  'module' => 
  array (
    0 => 'index',
    1 => 'index',
    2 => 'order',
  ),
)
[ info ] [ HEADER ] array (
  'cookie' => 'PHPSESSID=obg1l2citp9sr3im7fuo321l3i',
  'accept-language' => 'zh-CN,zh;q=0.9',
  'accept-encoding' => 'gzip, deflate',
  'referer' => 'http://162.14.96.235/index/index/shouye.html',
  'accept' => 'text/html,application/xhtml+xml,application/xml;q=0.9,image/avif,image/webp,image/apng,*/*;q=0.8,application/signed-exchange;v=b3;q=0.9',
  'user-agent' => 'Mozilla/5.0 (iPhone; CPU iPhone OS 10_3_1 like Mac OS X) AppleWebKit/603.1.3 (KHTML, like Gecko) Version/10.0 Mobile/14E304 Safari/602.1 wechatdevtools/1.05.2111300 MicroMessenger/8.0.5 Language/zh_CN webview/16419006949438054 webdebugger port/35221 token/0c8064f4d78dc2cc03e02edad7057e61',
  'upgrade-insecure-requests' => '1',
  'connection' => 'keep-alive',
  'host' => '162.14.96.235',
  'content-type' => '',
  'content-length' => '',
)
[ info ] [ PARAM ] array (
)
[ info ] [ LANG ] /www/wwwroot/162.14.96.235/public/../application/index/lang/zh-cn.php
[ info ] [ BEHAVIOR ] Run app\common\behavior\Common @module_init [ RunTime:0.000112s ]
[ info ] [ SESSION ] INIT array (
  'id' => '',
  'var_session_id' => '',
  'prefix' => 'think',
  'type' => '',
  'auto_start' => true,
)
[ info ] [ DB ] INIT mysql
[ info ] [ RUN ] app\index\controller\Index->order[ /www/wwwroot/162.14.96.235/application/index/controller/Index.php ]
[ info ] [ VIEW ] /www/wwwroot/162.14.96.235/public/../application/index/view/index/order.html [ array (
) ]
[ info ] [ LOG ] INIT File
---------------------------------------------------------------
[ 2022-01-11T23:17:22+08:00 ] 183.221.41.14 POST 162.14.96.235/index/index/order.html
[运行时间：0.013343s] [吞吐率：74.95req/s] [内存消耗：576.17kb] [文件加载：126]
[ info ] [ BEHAVIOR ] Run Closure @app_init [ RunTime:0.000015s ]
[ info ] [ CACHE ] INIT File
[ info ] [ BEHAVIOR ] Run Closure @app_init [ RunTime:0.000185s ]
[ info ] [ LANG ] /www/wwwroot/162.14.96.235/thinkphp/lang/zh-cn.php
[ info ] [ ROUTE ] array (
  'type' => 'module',
  'module' => 
  array (
    0 => 'index',
    1 => 'index',
    2 => 'order',
  ),
)
[ info ] [ HEADER ] array (
  'cookie' => 'PHPSESSID=obg1l2citp9sr3im7fuo321l3i',
  'accept-language' => 'zh-CN,zh;q=0.9',
  'accept-encoding' => 'gzip, deflate',
  'referer' => 'http://162.14.96.235/index/index/order.html',
  'origin' => 'http://162.14.96.235',
  'content-type' => 'application/x-www-form-urlencoded',
  'user-agent' => 'Mozilla/5.0 (iPhone; CPU iPhone OS 10_3_1 like Mac OS X) AppleWebKit/603.1.3 (KHTML, like Gecko) Version/10.0 Mobile/14E304 Safari/602.1 wechatdevtools/1.05.2111300 MicroMessenger/8.0.5 Language/zh_CN webview/16419006949438054 webdebugger port/35221 token/0c8064f4d78dc2cc03e02edad7057e61',
  'x-requested-with' => 'XMLHttpRequest',
  'accept' => 'application/json',
  'content-length' => '12',
  'connection' => 'keep-alive',
  'host' => '162.14.96.235',
)
[ info ] [ PARAM ] array (
  'p' => '1',
  'status' => '0',
)
[ info ] [ LANG ] /www/wwwroot/162.14.96.235/public/../application/index/lang/zh-cn.php
[ info ] [ BEHAVIOR ] Run app\common\behavior\Common @module_init [ RunTime:0.000075s ]
[ info ] [ SESSION ] INIT array (
  'id' => '',
  'var_session_id' => '',
  'prefix' => 'think',
  'type' => '',
  'auto_start' => true,
)
[ info ] [ DB ] INIT mysql
[ info ] [ RUN ] app\index\controller\Index->order[ /www/wwwroot/162.14.96.235/application/index/controller/Index.php ]
[ info ] [ LOG ] INIT File
---------------------------------------------------------------
[ 2022-01-11T23:17:24+08:00 ] 183.221.41.14 POST 162.14.96.235/index/index/order.html
[运行时间：0.014716s] [吞吐率：67.95req/s] [内存消耗：576.17kb] [文件加载：126]
[ info ] [ BEHAVIOR ] Run Closure @app_init [ RunTime:0.000015s ]
[ info ] [ CACHE ] INIT File
[ info ] [ BEHAVIOR ] Run Closure @app_init [ RunTime:0.000189s ]
[ info ] [ LANG ] /www/wwwroot/162.14.96.235/thinkphp/lang/zh-cn.php
[ info ] [ ROUTE ] array (
  'type' => 'module',
  'module' => 
  array (
    0 => 'index',
    1 => 'index',
    2 => 'order',
  ),
)
[ info ] [ HEADER ] array (
  'cookie' => 'PHPSESSID=obg1l2citp9sr3im7fuo321l3i',
  'accept-language' => 'zh-CN,zh;q=0.9',
  'accept-encoding' => 'gzip, deflate',
  'referer' => 'http://162.14.96.235/index/index/order.html',
  'origin' => 'http://162.14.96.235',
  'content-type' => 'application/x-www-form-urlencoded',
  'user-agent' => 'Mozilla/5.0 (iPhone; CPU iPhone OS 10_3_1 like Mac OS X) AppleWebKit/603.1.3 (KHTML, like Gecko) Version/10.0 Mobile/14E304 Safari/602.1 wechatdevtools/1.05.2111300 MicroMessenger/8.0.5 Language/zh_CN webview/16419006949438054 webdebugger port/35221 token/0c8064f4d78dc2cc03e02edad7057e61',
  'x-requested-with' => 'XMLHttpRequest',
  'accept' => 'application/json',
  'content-length' => '12',
  'connection' => 'keep-alive',
  'host' => '162.14.96.235',
)
[ info ] [ PARAM ] array (
  'p' => '1',
  'status' => '1',
)
[ info ] [ LANG ] /www/wwwroot/162.14.96.235/public/../application/index/lang/zh-cn.php
[ info ] [ BEHAVIOR ] Run app\common\behavior\Common @module_init [ RunTime:0.000077s ]
[ info ] [ SESSION ] INIT array (
  'id' => '',
  'var_session_id' => '',
  'prefix' => 'think',
  'type' => '',
  'auto_start' => true,
)
[ info ] [ DB ] INIT mysql
[ info ] [ RUN ] app\index\controller\Index->order[ /www/wwwroot/162.14.96.235/application/index/controller/Index.php ]
[ info ] [ LOG ] INIT File
---------------------------------------------------------------
[ 2022-01-11T23:17:25+08:00 ] 183.221.41.14 GET 162.14.96.235/index/index/shouye.html
[运行时间：0.006885s] [吞吐率：145.24req/s] [内存消耗：561.27kb] [文件加载：122]
[ info ] [ BEHAVIOR ] Run Closure @app_init [ RunTime:0.000017s ]
[ info ] [ CACHE ] INIT File
[ info ] [ BEHAVIOR ] Run Closure @app_init [ RunTime:0.000227s ]
[ info ] [ LANG ] /www/wwwroot/162.14.96.235/thinkphp/lang/zh-cn.php
[ info ] [ ROUTE ] array (
  'type' => 'module',
  'module' => 
  array (
    0 => 'index',
    1 => 'index',
    2 => 'shouye',
  ),
)
[ info ] [ HEADER ] array (
  'cookie' => 'PHPSESSID=obg1l2citp9sr3im7fuo321l3i',
  'accept-language' => 'zh-CN,zh;q=0.9',
  'accept-encoding' => 'gzip, deflate',
  'referer' => 'http://162.14.96.235/index/index/goods.html',
  'accept' => 'text/html,application/xhtml+xml,application/xml;q=0.9,image/avif,image/webp,image/apng,*/*;q=0.8,application/signed-exchange;v=b3;q=0.9',
  'user-agent' => 'Mozilla/5.0 (iPhone; CPU iPhone OS 10_3_1 like Mac OS X) AppleWebKit/603.1.3 (KHTML, like Gecko) Version/10.0 Mobile/14E304 Safari/602.1 wechatdevtools/1.05.2111300 MicroMessenger/8.0.5 Language/zh_CN webview/16419006949438054 webdebugger port/35221 token/0c8064f4d78dc2cc03e02edad7057e61',
  'upgrade-insecure-requests' => '1',
  'connection' => 'keep-alive',
  'host' => '162.14.96.235',
  'content-type' => '',
  'content-length' => '',
)
[ info ] [ PARAM ] array (
)
[ info ] [ LANG ] /www/wwwroot/162.14.96.235/public/../application/index/lang/zh-cn.php
[ info ] [ BEHAVIOR ] Run app\common\behavior\Common @module_init [ RunTime:0.000081s ]
[ info ] [ SESSION ] INIT array (
  'id' => '',
  'var_session_id' => '',
  'prefix' => 'think',
  'type' => '',
  'auto_start' => true,
)
[ info ] [ DB ] INIT mysql
[ info ] [ RUN ] app\index\controller\Index->shouye[ /www/wwwroot/162.14.96.235/application/index/controller/Index.php ]
[ info ] [ VIEW ] /www/wwwroot/162.14.96.235/public/../application/index/view/index/shouye.html [ array (
  0 => 'user',
  1 => 'box_price',
) ]
[ info ] [ LOG ] INIT File
---------------------------------------------------------------
[ 2022-01-11T23:17:25+08:00 ] 183.221.41.14 GET 162.14.96.235/index/index/danmu.html
[运行时间：0.005673s] [吞吐率：176.27req/s] [内存消耗：494.98kb] [文件加载：121]
[ info ] [ BEHAVIOR ] Run Closure @app_init [ RunTime:0.000022s ]
[ info ] [ CACHE ] INIT File
[ info ] [ BEHAVIOR ] Run Closure @app_init [ RunTime:0.000274s ]
[ info ] [ LANG ] /www/wwwroot/162.14.96.235/thinkphp/lang/zh-cn.php
[ info ] [ ROUTE ] array (
  'type' => 'module',
  'module' => 
  array (
    0 => 'index',
    1 => 'index',
    2 => 'danmu',
  ),
)
[ info ] [ HEADER ] array (
  'cookie' => 'PHPSESSID=obg1l2citp9sr3im7fuo321l3i',
  'accept-language' => 'zh-CN,zh;q=0.9',
  'accept-encoding' => 'gzip, deflate',
  'referer' => 'http://162.14.96.235/index/index/shouye.html',
  'x-requested-with' => 'XMLHttpRequest',
  'user-agent' => 'Mozilla/5.0 (iPhone; CPU iPhone OS 10_3_1 like Mac OS X) AppleWebKit/603.1.3 (KHTML, like Gecko) Version/10.0 Mobile/14E304 Safari/602.1 wechatdevtools/1.05.2111300 MicroMessenger/8.0.5 Language/zh_CN webview/16419006949438054 webdebugger port/35221 token/0c8064f4d78dc2cc03e02edad7057e61',
  'accept' => 'application/json, text/javascript, */*; q=0.01',
  'connection' => 'keep-alive',
  'host' => '162.14.96.235',
  'content-type' => '',
  'content-length' => '',
)
[ info ] [ PARAM ] array (
)
[ info ] [ LANG ] /www/wwwroot/162.14.96.235/public/../application/index/lang/zh-cn.php
[ info ] [ BEHAVIOR ] Run app\common\behavior\Common @module_init [ RunTime:0.000095s ]
[ info ] [ SESSION ] INIT array (
  'id' => '',
  'var_session_id' => '',
  'prefix' => 'think',
  'type' => '',
  'auto_start' => true,
)
[ info ] [ DB ] INIT mysql
[ info ] [ RUN ] app\index\controller\Index->danmu[ /www/wwwroot/162.14.96.235/application/index/controller/Index.php ]
[ info ] [ LOG ] INIT File
---------------------------------------------------------------
[ 2022-01-11T23:17:26+08:00 ] 183.221.41.14 GET 162.14.96.235/index/index/my.html
[运行时间：0.009001s] [吞吐率：111.10req/s] [内存消耗：513.34kb] [文件加载：120]
[ info ] [ BEHAVIOR ] Run Closure @app_init [ RunTime:0.000015s ]
[ info ] [ CACHE ] INIT File
[ info ] [ BEHAVIOR ] Run Closure @app_init [ RunTime:0.000213s ]
[ info ] [ LANG ] /www/wwwroot/162.14.96.235/thinkphp/lang/zh-cn.php
[ info ] [ ROUTE ] array (
  'type' => 'module',
  'module' => 
  array (
    0 => 'index',
    1 => 'index',
    2 => 'my',
  ),
)
[ info ] [ HEADER ] array (
  'cookie' => 'PHPSESSID=obg1l2citp9sr3im7fuo321l3i',
  'accept-language' => 'zh-CN,zh;q=0.9',
  'accept-encoding' => 'gzip, deflate',
  'referer' => 'http://162.14.96.235/index/index/shouye.html',
  'accept' => 'text/html,application/xhtml+xml,application/xml;q=0.9,image/avif,image/webp,image/apng,*/*;q=0.8,application/signed-exchange;v=b3;q=0.9',
  'user-agent' => 'Mozilla/5.0 (iPhone; CPU iPhone OS 10_3_1 like Mac OS X) AppleWebKit/603.1.3 (KHTML, like Gecko) Version/10.0 Mobile/14E304 Safari/602.1 wechatdevtools/1.05.2111300 MicroMessenger/8.0.5 Language/zh_CN webview/16419006949438054 webdebugger port/35221 token/0c8064f4d78dc2cc03e02edad7057e61',
  'upgrade-insecure-requests' => '1',
  'connection' => 'keep-alive',
  'host' => '162.14.96.235',
  'content-type' => '',
  'content-length' => '',
)
[ info ] [ PARAM ] array (
)
[ info ] [ LANG ] /www/wwwroot/162.14.96.235/public/../application/index/lang/zh-cn.php
[ info ] [ BEHAVIOR ] Run app\common\behavior\Common @module_init [ RunTime:0.000101s ]
[ info ] [ SESSION ] INIT array (
  'id' => '',
  'var_session_id' => '',
  'prefix' => 'think',
  'type' => '',
  'auto_start' => true,
)
[ info ] [ DB ] INIT mysql
[ info ] [ RUN ] app\index\controller\Index->my[ /www/wwwroot/162.14.96.235/application/index/controller/Index.php ]
[ info ] [ LOG ] INIT File
