---------------------------------------------------------------
[ 2022-02-22T03:10:27+08:00 ] 36.99.136.135 GET jindan.lostinparadise.xyz/
[运行时间：0.017220s] [吞吐率：58.07req/s] [内存消耗：2,441.38kb] [文件加载：62]
[ info ] [ BEHAVIOR ] Run Closure @app_init [ RunTime:0.000025s ]
[ info ] [ CACHE ] INIT File
[ info ] [ BEHAVIOR ] Run Closure @app_init [ RunTime:0.000714s ]
[ info ] [ LANG ] /www/wwwroot/jindan.lostinparadise.xyz/thinkphp/lang/zh-cn.php
[ info ] [ ROUTE ] array (
  'type' => 'module',
  'module' => 
  array (
    0 => '',
    1 => NULL,
    2 => NULL,
  ),
)
[ info ] [ HEADER ] array (
  'connection' => 'close',
  'accept-encoding' => 'gzip',
  'user-agent' => 'Mozilla/5.0 (Windows NT 10.0; Win64; x64) AppleWebKit/537.36 (KHTML, like Gecko) Chrome/72.0.3626.119 Safari/537.36',
  'host' => 'jindan.lostinparadise.xyz',
  'content-type' => '',
  'content-length' => '',
)
[ info ] [ PARAM ] array (
)
[ info ] [ LANG ] /www/wwwroot/jindan.lostinparadise.xyz/public/../application/index/lang/zh-cn.php
[ info ] [ BEHAVIOR ] Run app\common\behavior\Common @module_init [ RunTime:0.001173s ]
[ info ] [ SESSION ] INIT array (
  'id' => '',
  'var_session_id' => '',
  'prefix' => 'think',
  'type' => '',
  'auto_start' => true,
)
[ info ] [ LOG ] INIT File
---------------------------------------------------------------
[ 2022-02-22T03:10:27+08:00 ] 36.99.136.134 GET jindan.lostinparadise.xyz/index/login/login/p_id/0.html
[运行时间：0.015272s] [吞吐率：65.48req/s] [内存消耗：2,214.70kb] [文件加载：58]
[ info ] [ BEHAVIOR ] Run Closure @app_init [ RunTime:0.000014s ]
[ info ] [ CACHE ] INIT File
[ info ] [ BEHAVIOR ] Run Closure @app_init [ RunTime:0.000748s ]
[ info ] [ LANG ] /www/wwwroot/jindan.lostinparadise.xyz/thinkphp/lang/zh-cn.php
[ info ] [ ROUTE ] array (
  'type' => 'module',
  'module' => 
  array (
    0 => 'index',
    1 => 'login',
    2 => 'login',
  ),
)
[ info ] [ HEADER ] array (
  'connection' => 'close',
  'accept-encoding' => 'gzip',
  'referer' => 'http://jindan.lostinparadise.xyz',
  'user-agent' => 'Mozilla/5.0 (Windows NT 10.0; Win64; x64) AppleWebKit/537.36 (KHTML, like Gecko) Chrome/72.0.3626.119 Safari/537.36',
  'host' => 'jindan.lostinparadise.xyz',
  'content-type' => '',
  'content-length' => '',
)
[ info ] [ PARAM ] array (
  'p_id' => '0',
)
[ info ] [ LANG ] /www/wwwroot/jindan.lostinparadise.xyz/public/../application/index/lang/zh-cn.php
[ info ] [ BEHAVIOR ] Run app\common\behavior\Common @module_init [ RunTime:0.001153s ]
[ info ] [ RUN ] app\index\controller\Login->login[ /www/wwwroot/jindan.lostinparadise.xyz/application/index/controller/Login.php ]
[ info ] [ LOG ] INIT File
---------------------------------------------------------------
[ 2022-02-22T05:34:46+08:00 ] 111.21.175.34 GET jindan.lostinparadise.xyz/
[运行时间：0.017433s] [吞吐率：57.36req/s] [内存消耗：2,441.59kb] [文件加载：62]
[ info ] [ BEHAVIOR ] Run Closure @app_init [ RunTime:0.000015s ]
[ info ] [ CACHE ] INIT File
[ info ] [ BEHAVIOR ] Run Closure @app_init [ RunTime:0.000720s ]
[ info ] [ LANG ] /www/wwwroot/jindan.lostinparadise.xyz/thinkphp/lang/zh-cn.php
[ info ] [ ROUTE ] array (
  'type' => 'module',
  'module' => 
  array (
    0 => '',
    1 => NULL,
    2 => NULL,
  ),
)
[ info ] [ HEADER ] array (
  'connection' => 'keep-alive',
  'accept' => '*/*',
  'accept-encoding' => 'gzip, deflate',
  'user-agent' => 'Mozilla/5.0 (Windows NT 10.0; Win64; x64) AppleWebKit/537.36 (KHTML, like Gecko) Chrome/87.0.4280.88 Safari/537.36',
  'host' => 'jindan.lostinparadise.xyz',
  'content-type' => '',
  'content-length' => '',
)
[ info ] [ PARAM ] array (
)
[ info ] [ LANG ] /www/wwwroot/jindan.lostinparadise.xyz/public/../application/index/lang/zh-cn.php
[ info ] [ BEHAVIOR ] Run app\common\behavior\Common @module_init [ RunTime:0.001182s ]
[ info ] [ SESSION ] INIT array (
  'id' => '',
  'var_session_id' => '',
  'prefix' => 'think',
  'type' => '',
  'auto_start' => true,
)
[ info ] [ LOG ] INIT File
---------------------------------------------------------------
[ 2022-02-22T05:34:46+08:00 ] 111.21.175.34 GET jindan.lostinparadise.xyz/index/login/login/p_id/0.html
[运行时间：0.015240s] [吞吐率：65.62req/s] [内存消耗：2,214.97kb] [文件加载：58]
[ info ] [ BEHAVIOR ] Run Closure @app_init [ RunTime:0.000015s ]
[ info ] [ CACHE ] INIT File
[ info ] [ BEHAVIOR ] Run Closure @app_init [ RunTime:0.000730s ]
[ info ] [ LANG ] /www/wwwroot/jindan.lostinparadise.xyz/thinkphp/lang/zh-cn.php
[ info ] [ ROUTE ] array (
  'type' => 'module',
  'module' => 
  array (
    0 => 'index',
    1 => 'login',
    2 => 'login',
  ),
)
[ info ] [ HEADER ] array (
  'cookie' => 'PHPSESSID=k25hqs4smancqaslbnh4ah8um4',
  'connection' => 'keep-alive',
  'accept' => '*/*',
  'accept-encoding' => 'gzip, deflate',
  'user-agent' => 'Mozilla/5.0 (Windows NT 10.0; Win64; x64) AppleWebKit/537.36 (KHTML, like Gecko) Chrome/87.0.4280.88 Safari/537.36',
  'host' => 'jindan.lostinparadise.xyz',
  'content-type' => '',
  'content-length' => '',
)
[ info ] [ PARAM ] array (
  'p_id' => '0',
)
[ info ] [ LANG ] /www/wwwroot/jindan.lostinparadise.xyz/public/../application/index/lang/zh-cn.php
[ info ] [ BEHAVIOR ] Run app\common\behavior\Common @module_init [ RunTime:0.001132s ]
[ info ] [ RUN ] app\index\controller\Login->login[ /www/wwwroot/jindan.lostinparadise.xyz/application/index/controller/Login.php ]
[ info ] [ LOG ] INIT File
---------------------------------------------------------------
[ 2022-02-22T08:39:50+08:00 ] 111.7.100.21 GET jindan.lostinparadise.xyz/
[运行时间：0.017507s] [吞吐率：57.12req/s] [内存消耗：2,441.39kb] [文件加载：62]
[ info ] [ BEHAVIOR ] Run Closure @app_init [ RunTime:0.000016s ]
[ info ] [ CACHE ] INIT File
[ info ] [ BEHAVIOR ] Run Closure @app_init [ RunTime:0.000734s ]
[ info ] [ LANG ] /www/wwwroot/jindan.lostinparadise.xyz/thinkphp/lang/zh-cn.php
[ info ] [ ROUTE ] array (
  'type' => 'module',
  'module' => 
  array (
    0 => '',
    1 => NULL,
    2 => NULL,
  ),
)
[ info ] [ HEADER ] array (
  'connection' => 'close',
  'accept-encoding' => 'gzip',
  'user-agent' => 'Mozilla/5.0 (Windows NT 10.0; Win64; x64) AppleWebKit/537.36 (KHTML, like Gecko) Chrome/72.0.3626.119 Safari/537.36',
  'host' => 'jindan.lostinparadise.xyz',
  'content-type' => '',
  'content-length' => '',
)
[ info ] [ PARAM ] array (
)
[ info ] [ LANG ] /www/wwwroot/jindan.lostinparadise.xyz/public/../application/index/lang/zh-cn.php
[ info ] [ BEHAVIOR ] Run app\common\behavior\Common @module_init [ RunTime:0.001154s ]
[ info ] [ SESSION ] INIT array (
  'id' => '',
  'var_session_id' => '',
  'prefix' => 'think',
  'type' => '',
  'auto_start' => true,
)
[ info ] [ LOG ] INIT File
---------------------------------------------------------------
[ 2022-02-22T08:39:50+08:00 ] 111.7.100.20 GET jindan.lostinparadise.xyz/index/login/login/p_id/0.html
[运行时间：0.015470s] [吞吐率：64.64req/s] [内存消耗：2,214.70kb] [文件加载：58]
[ info ] [ BEHAVIOR ] Run Closure @app_init [ RunTime:0.000013s ]
[ info ] [ CACHE ] INIT File
[ info ] [ BEHAVIOR ] Run Closure @app_init [ RunTime:0.000753s ]
[ info ] [ LANG ] /www/wwwroot/jindan.lostinparadise.xyz/thinkphp/lang/zh-cn.php
[ info ] [ ROUTE ] array (
  'type' => 'module',
  'module' => 
  array (
    0 => 'index',
    1 => 'login',
    2 => 'login',
  ),
)
[ info ] [ HEADER ] array (
  'connection' => 'close',
  'accept-encoding' => 'gzip',
  'referer' => 'http://jindan.lostinparadise.xyz',
  'user-agent' => 'Mozilla/5.0 (Windows NT 10.0; Win64; x64) AppleWebKit/537.36 (KHTML, like Gecko) Chrome/72.0.3626.119 Safari/537.36',
  'host' => 'jindan.lostinparadise.xyz',
  'content-type' => '',
  'content-length' => '',
)
[ info ] [ PARAM ] array (
  'p_id' => '0',
)
[ info ] [ LANG ] /www/wwwroot/jindan.lostinparadise.xyz/public/../application/index/lang/zh-cn.php
[ info ] [ BEHAVIOR ] Run app\common\behavior\Common @module_init [ RunTime:0.001148s ]
[ info ] [ RUN ] app\index\controller\Login->login[ /www/wwwroot/jindan.lostinparadise.xyz/application/index/controller/Login.php ]
[ info ] [ LOG ] INIT File
---------------------------------------------------------------
[ 2022-02-22T08:40:01+08:00 ] 111.7.100.23 GET jindan.lostinparadise.xyz/
[运行时间：0.017348s] [吞吐率：57.64req/s] [内存消耗：2,444.61kb] [文件加载：62]
[ info ] [ BEHAVIOR ] Run Closure @app_init [ RunTime:0.000014s ]
[ info ] [ CACHE ] INIT File
[ info ] [ BEHAVIOR ] Run Closure @app_init [ RunTime:0.000741s ]
[ info ] [ LANG ] /www/wwwroot/jindan.lostinparadise.xyz/thinkphp/lang/zh-cn.php
[ info ] [ ROUTE ] array (
  'type' => 'module',
  'module' => 
  array (
    0 => '',
    1 => NULL,
    2 => NULL,
  ),
)
[ info ] [ HEADER ] array (
  'accept-language' => 'zh-CN',
  'accept-encoding' => 'gzip, deflate',
  'accept' => 'text/html,application/xhtml+xml,application/xml;q=0.9,image/avif,image/webp,image/apng,*/*;q=0.8,application/signed-exchange;v=b3;q=0.9',
  'user-agent' => 'Mozilla/5.0 (Windows NT 10.0; Win64; x64) AppleWebKit/537.36 (KHTML, like Gecko) Chrome/72.0.3626.119 Safari/537.36',
  'upgrade-insecure-requests' => '1',
  'connection' => 'keep-alive',
  'host' => 'jindan.lostinparadise.xyz',
  'content-type' => '',
  'content-length' => '',
)
[ info ] [ PARAM ] array (
)
[ info ] [ LANG ] /www/wwwroot/jindan.lostinparadise.xyz/public/../application/index/lang/zh-cn.php
[ info ] [ BEHAVIOR ] Run app\common\behavior\Common @module_init [ RunTime:0.001146s ]
[ info ] [ SESSION ] INIT array (
  'id' => '',
  'var_session_id' => '',
  'prefix' => 'think',
  'type' => '',
  'auto_start' => true,
)
[ info ] [ LOG ] INIT File
---------------------------------------------------------------
[ 2022-02-22T08:40:01+08:00 ] 111.7.100.23 GET jindan.lostinparadise.xyz/index/login/login/p_id/0.html
[运行时间：0.015446s] [吞吐率：64.74req/s] [内存消耗：2,219.11kb] [文件加载：58]
[ info ] [ BEHAVIOR ] Run Closure @app_init [ RunTime:0.000014s ]
[ info ] [ CACHE ] INIT File
[ info ] [ BEHAVIOR ] Run Closure @app_init [ RunTime:0.000749s ]
[ info ] [ LANG ] /www/wwwroot/jindan.lostinparadise.xyz/thinkphp/lang/zh-cn.php
[ info ] [ ROUTE ] array (
  'type' => 'module',
  'module' => 
  array (
    0 => 'index',
    1 => 'login',
    2 => 'login',
  ),
)
[ info ] [ HEADER ] array (
  'cookie' => 'PHPSESSID=8qgsoha7ann50fe5tn4m1g5r13',
  'accept-language' => 'zh-CN',
  'accept-encoding' => 'gzip, deflate',
  'accept' => 'text/html,application/xhtml+xml,application/xml;q=0.9,image/avif,image/webp,image/apng,*/*;q=0.8,application/signed-exchange;v=b3;q=0.9',
  'user-agent' => 'Mozilla/5.0 (Windows NT 10.0; Win64; x64) AppleWebKit/537.36 (KHTML, like Gecko) Chrome/72.0.3626.119 Safari/537.36',
  'upgrade-insecure-requests' => '1',
  'connection' => 'keep-alive',
  'host' => 'jindan.lostinparadise.xyz',
  'content-type' => '',
  'content-length' => '',
)
[ info ] [ PARAM ] array (
  'p_id' => '0',
)
[ info ] [ LANG ] /www/wwwroot/jindan.lostinparadise.xyz/public/../application/index/lang/zh-cn.php
[ info ] [ BEHAVIOR ] Run app\common\behavior\Common @module_init [ RunTime:0.001160s ]
[ info ] [ RUN ] app\index\controller\Login->login[ /www/wwwroot/jindan.lostinparadise.xyz/application/index/controller/Login.php ]
[ info ] [ LOG ] INIT File
---------------------------------------------------------------
[ 2022-02-22T16:41:57+08:00 ] 47.243.166.220 GET jindan.lostinparadise.xyz/
[运行时间：0.016808s] [吞吐率：59.50req/s] [内存消耗：2,442.82kb] [文件加载：62]
[ info ] [ BEHAVIOR ] Run Closure @app_init [ RunTime:0.000013s ]
[ info ] [ CACHE ] INIT File
[ info ] [ BEHAVIOR ] Run Closure @app_init [ RunTime:0.000693s ]
[ info ] [ LANG ] /www/wwwroot/jindan.lostinparadise.xyz/thinkphp/lang/zh-cn.php
[ info ] [ ROUTE ] array (
  'type' => 'module',
  'module' => 
  array (
    0 => '',
    1 => NULL,
    2 => NULL,
  ),
)
[ info ] [ HEADER ] array (
  'connection' => 'close',
  'accept-language' => 'zh-CN,zh;q=0.9',
  'accept-encoding' => 'gzip, deflate',
  'accept' => 'text/html,application/xhtml+xml,application/xml;q=0.9,image/webp,image/apng,*/*;q=0.8,application/signed-exchange;v=b3',
  'host' => 'jindan.lostinparadise.xyz',
  'user-agent' => 'Mozilla/5.0 (Macintosh; Intel Mac OS X 10_14_6) AppleWebKit/537.36 (KHTML, like Gecko) Chrome/76.0.3809.132 Safari/537.36',
  'content-type' => '',
  'content-length' => '',
)
[ info ] [ PARAM ] array (
)
[ info ] [ LANG ] /www/wwwroot/jindan.lostinparadise.xyz/public/../application/index/lang/zh-cn.php
[ info ] [ BEHAVIOR ] Run app\common\behavior\Common @module_init [ RunTime:0.001063s ]
[ info ] [ SESSION ] INIT array (
  'id' => '',
  'var_session_id' => '',
  'prefix' => 'think',
  'type' => '',
  'auto_start' => true,
)
[ info ] [ LOG ] INIT File
---------------------------------------------------------------
[ 2022-02-22T16:42:03+08:00 ] 47.243.166.220 GET jindan.lostinparadise.xyz/sitemap.xml
[运行时间：0.012614s] [吞吐率：79.28req/s] [内存消耗：1,727.87kb] [文件加载：51]
[ info ] [ BEHAVIOR ] Run Closure @app_init [ RunTime:0.000013s ]
[ info ] [ CACHE ] INIT File
[ info ] [ BEHAVIOR ] Run Closure @app_init [ RunTime:0.000703s ]
[ info ] [ LANG ] /www/wwwroot/jindan.lostinparadise.xyz/thinkphp/lang/zh-cn.php
[ info ] [ ROUTE ] array (
  'type' => 'module',
  'module' => 
  array (
    0 => 'sitemap.xml',
    1 => NULL,
    2 => NULL,
  ),
)
[ info ] [ HEADER ] array (
  'host' => 'jindan.lostinparadise.xyz',
  'user-agent' => 'fasthttp',
  'content-type' => '',
  'content-length' => '',
)
[ info ] [ PARAM ] array (
)
[ info ] [ LOG ] INIT File
---------------------------------------------------------------
[ 2022-02-22T16:42:03+08:00 ] 47.243.166.220 GET jindan.lostinparadise.xyz/robots.txt
[运行时间：0.012751s] [吞吐率：78.43req/s] [内存消耗：1,727.87kb] [文件加载：51]
[ info ] [ BEHAVIOR ] Run Closure @app_init [ RunTime:0.000014s ]
[ info ] [ CACHE ] INIT File
[ info ] [ BEHAVIOR ] Run Closure @app_init [ RunTime:0.000730s ]
[ info ] [ LANG ] /www/wwwroot/jindan.lostinparadise.xyz/thinkphp/lang/zh-cn.php
[ info ] [ ROUTE ] array (
  'type' => 'module',
  'module' => 
  array (
    0 => 'robots.txt',
    1 => NULL,
    2 => NULL,
  ),
)
[ info ] [ HEADER ] array (
  'host' => 'jindan.lostinparadise.xyz',
  'user-agent' => 'fasthttp',
  'content-type' => '',
  'content-length' => '',
)
[ info ] [ PARAM ] array (
)
[ info ] [ LOG ] INIT File
---------------------------------------------------------------
[ 2022-02-22T16:42:07+08:00 ] 47.243.166.220 GET jindan.lostinparadise.xyz/index/login/login/p_id/0.html
[运行时间：0.014990s] [吞吐率：66.71req/s] [内存消耗：2,218.88kb] [文件加载：58]
[ info ] [ BEHAVIOR ] Run Closure @app_init [ RunTime:0.000014s ]
[ info ] [ CACHE ] INIT File
[ info ] [ BEHAVIOR ] Run Closure @app_init [ RunTime:0.000653s ]
[ info ] [ LANG ] /www/wwwroot/jindan.lostinparadise.xyz/thinkphp/lang/zh-cn.php
[ info ] [ ROUTE ] array (
  'type' => 'module',
  'module' => 
  array (
    0 => 'index',
    1 => 'login',
    2 => 'login',
  ),
)
[ info ] [ HEADER ] array (
  'connection' => 'close',
  'cookie' => 'PHPSESSID=v35l5noogouiq5c4ler6mqnhrp',
  'accept-language' => 'zh-CN,zh;q=0.9',
  'accept-encoding' => 'gzip, deflate',
  'accept' => 'text/html,application/xhtml+xml,application/xml;q=0.9,image/webp,image/apng,*/*;q=0.8,application/signed-exchange;v=b3',
  'host' => 'jindan.lostinparadise.xyz',
  'user-agent' => 'Mozilla/5.0 (Macintosh; Intel Mac OS X 10_14_6) AppleWebKit/537.36 (KHTML, like Gecko) Chrome/76.0.3809.132 Safari/537.36',
  'content-type' => '',
  'content-length' => '',
)
[ info ] [ PARAM ] array (
  'p_id' => '0',
)
[ info ] [ LANG ] /www/wwwroot/jindan.lostinparadise.xyz/public/../application/index/lang/zh-cn.php
[ info ] [ BEHAVIOR ] Run app\common\behavior\Common @module_init [ RunTime:0.001019s ]
[ info ] [ RUN ] app\index\controller\Login->login[ /www/wwwroot/jindan.lostinparadise.xyz/application/index/controller/Login.php ]
[ info ] [ LOG ] INIT File
---------------------------------------------------------------
[ 2022-02-22T16:42:11+08:00 ] 47.243.166.220 GET jindan.lostinparadise.xyz/robots.txt
[运行时间：0.012398s] [吞吐率：80.66req/s] [内存消耗：1,727.87kb] [文件加载：51]
[ info ] [ BEHAVIOR ] Run Closure @app_init [ RunTime:0.000013s ]
[ info ] [ CACHE ] INIT File
[ info ] [ BEHAVIOR ] Run Closure @app_init [ RunTime:0.000696s ]
[ info ] [ LANG ] /www/wwwroot/jindan.lostinparadise.xyz/thinkphp/lang/zh-cn.php
[ info ] [ ROUTE ] array (
  'type' => 'module',
  'module' => 
  array (
    0 => 'robots.txt',
    1 => NULL,
    2 => NULL,
  ),
)
[ info ] [ HEADER ] array (
  'host' => 'jindan.lostinparadise.xyz',
  'user-agent' => 'fasthttp',
  'content-type' => '',
  'content-length' => '',
)
[ info ] [ PARAM ] array (
)
[ info ] [ LOG ] INIT File
---------------------------------------------------------------
[ 2022-02-22T16:42:11+08:00 ] 47.243.166.220 GET jindan.lostinparadise.xyz/sitemap.xml
[运行时间：0.012462s] [吞吐率：80.24req/s] [内存消耗：1,727.87kb] [文件加载：51]
[ info ] [ BEHAVIOR ] Run Closure @app_init [ RunTime:0.000014s ]
[ info ] [ CACHE ] INIT File
[ info ] [ BEHAVIOR ] Run Closure @app_init [ RunTime:0.000695s ]
[ info ] [ LANG ] /www/wwwroot/jindan.lostinparadise.xyz/thinkphp/lang/zh-cn.php
[ info ] [ ROUTE ] array (
  'type' => 'module',
  'module' => 
  array (
    0 => 'sitemap.xml',
    1 => NULL,
    2 => NULL,
  ),
)
[ info ] [ HEADER ] array (
  'host' => 'jindan.lostinparadise.xyz',
  'user-agent' => 'fasthttp',
  'content-type' => '',
  'content-length' => '',
)
[ info ] [ PARAM ] array (
)
[ info ] [ LOG ] INIT File
