---------------------------------------------------------------
[ 2022-03-02T13:48:56+08:00 ] 185.207.154.83 GET jindan.lostinparadise.xyz/
[运行时间：0.624008s] [吞吐率：1.60req/s] [内存消耗：2,435.52kb] [文件加载：62]
[ info ] [ BEHAVIOR ] Run Closure @app_init [ RunTime:0.000021s ]
[ info ] [ CACHE ] INIT File
[ info ] [ BEHAVIOR ] Run Closure @app_init [ RunTime:0.065705s ]
[ info ] [ LANG ] /www/wwwroot/jindan.lostinparadise.xyz/thinkphp/lang/zh-cn.php
[ info ] [ ROUTE ] array (
  'type' => 'module',
  'module' => 
  array (
    0 => '',
    1 => NULL,
    2 => NULL,
  ),
)
[ info ] [ HEADER ] array (
  'user-agent' => 'Mozilla/5.0 (Windows NT 10.0; Win64; x64) AppleWebKit/537.36 (KHTML, like Gecko) Chrome/98.0.4758.102 Safari/537.36',
  'cache-control' => 'no-cache',
  'pragma' => 'no-cache',
  'upgrade-insecure-requests' => '1',
  'connection' => 'keep-alive',
  'accept-language' => 'zh-CN,zh;q=0.9,en;q=0.8,en-GB;q=0.7,en-US;q=0.6',
  'accept-encoding' => 'gzip, deflate',
  'accept' => 'text/html,application/xhtml+xml,application/xml;q=0.9,image/webp,image/apng,*/*;q=0.8,application/signed-exchange;v=b3;q=0.9',
  'content-type' => 'application/x-www-form-urlencoded',
  'host' => 'jindan.lostinparadise.xyz',
  'content-length' => '',
)
[ info ] [ PARAM ] array (
)
[ info ] [ LANG ] /www/wwwroot/jindan.lostinparadise.xyz/public/../application/index/lang/zh-cn.php
[ info ] [ BEHAVIOR ] Run app\common\behavior\Common @module_init [ RunTime:0.021296s ]
[ info ] [ SESSION ] INIT array (
  'id' => '',
  'var_session_id' => '',
  'prefix' => 'think',
  'type' => '',
  'auto_start' => true,
)
[ info ] [ LOG ] INIT File
---------------------------------------------------------------
[ 2022-03-02T13:48:56+08:00 ] 185.207.154.83 GET jindan.lostinparadise.xyz/index/login/login/p_id/0.html
[运行时间：0.040825s] [吞吐率：24.49req/s] [内存消耗：2,209.66kb] [文件加载：58]
[ info ] [ BEHAVIOR ] Run Closure @app_init [ RunTime:0.000014s ]
[ info ] [ CACHE ] INIT File
[ info ] [ BEHAVIOR ] Run Closure @app_init [ RunTime:0.000729s ]
[ info ] [ LANG ] /www/wwwroot/jindan.lostinparadise.xyz/thinkphp/lang/zh-cn.php
[ info ] [ ROUTE ] array (
  'type' => 'module',
  'module' => 
  array (
    0 => 'index',
    1 => 'login',
    2 => 'login',
  ),
)
[ info ] [ HEADER ] array (
  'user-agent' => 'Mozilla/5.0 (Windows NT 10.0; Win64; x64) AppleWebKit/537.36 (KHTML, like Gecko) Chrome/98.0.4758.102 Safari/537.36',
  'cache-control' => 'no-cache',
  'pragma' => 'no-cache',
  'upgrade-insecure-requests' => '1',
  'connection' => 'keep-alive',
  'accept-language' => 'zh-CN,zh;q=0.9,en;q=0.8,en-GB;q=0.7,en-US;q=0.6',
  'accept-encoding' => 'gzip, deflate',
  'accept' => 'text/html,application/xhtml+xml,application/xml;q=0.9,image/webp,image/apng,*/*;q=0.8,application/signed-exchange;v=b3;q=0.9',
  'content-type' => 'application/x-www-form-urlencoded',
  'host' => 'jindan.lostinparadise.xyz',
  'content-length' => '',
)
[ info ] [ PARAM ] array (
  'p_id' => '0',
)
[ info ] [ LANG ] /www/wwwroot/jindan.lostinparadise.xyz/public/../application/index/lang/zh-cn.php
[ info ] [ BEHAVIOR ] Run app\common\behavior\Common @module_init [ RunTime:0.001245s ]
[ info ] [ RUN ] app\index\controller\Login->login[ /www/wwwroot/jindan.lostinparadise.xyz/application/index/controller/Login.php ]
[ info ] [ LOG ] INIT File
---------------------------------------------------------------
[ 2022-03-02T14:02:02+08:00 ] 11.135.229.49 GET jindan.lostinparadise.xyz/
[运行时间：0.017119s] [吞吐率：58.41req/s] [内存消耗：2,434.24kb] [文件加载：62]
[ info ] [ BEHAVIOR ] Run Closure @app_init [ RunTime:0.000014s ]
[ info ] [ CACHE ] INIT File
[ info ] [ BEHAVIOR ] Run Closure @app_init [ RunTime:0.000728s ]
[ info ] [ LANG ] /www/wwwroot/jindan.lostinparadise.xyz/thinkphp/lang/zh-cn.php
[ info ] [ ROUTE ] array (
  'type' => 'module',
  'module' => 
  array (
    0 => '',
    1 => NULL,
    2 => NULL,
  ),
)
[ info ] [ HEADER ] array (
  'via' => 'http/1.1 traffic_server[10a881c8-fd6b-4750-bcee-0ef9ea5cfa50] (ApacheTrafficServer/9.0.0)',
  'x-forwarded-for' => '11.135.229.49',
  'client-ip' => '11.135.229.49',
  'accept-encoding' => 'gzip',
  'user-agent' => 'Mozilla/5.0 (Macintosh; Intel Mac OS X 10_15_7) AppleWebKit/537.36 (KHTML, like Gecko) Chrome/90.0.4430.212 Safari/537.36',
  'host' => 'jindan.lostinparadise.xyz',
  'content-type' => '',
  'content-length' => '',
)
[ info ] [ PARAM ] array (
)
[ info ] [ LANG ] /www/wwwroot/jindan.lostinparadise.xyz/public/../application/index/lang/zh-cn.php
[ info ] [ BEHAVIOR ] Run app\common\behavior\Common @module_init [ RunTime:0.001125s ]
[ info ] [ SESSION ] INIT array (
  'id' => '',
  'var_session_id' => '',
  'prefix' => 'think',
  'type' => '',
  'auto_start' => true,
)
[ info ] [ LOG ] INIT File
---------------------------------------------------------------
[ 2022-03-02T14:02:02+08:00 ] 11.135.229.49 GET jindan.lostinparadise.xyz/index/login/login/p_id/0.html
[运行时间：0.015030s] [吞吐率：66.53req/s] [内存消耗：2,209.24kb] [文件加载：58]
[ info ] [ BEHAVIOR ] Run Closure @app_init [ RunTime:0.000013s ]
[ info ] [ CACHE ] INIT File
[ info ] [ BEHAVIOR ] Run Closure @app_init [ RunTime:0.000697s ]
[ info ] [ LANG ] /www/wwwroot/jindan.lostinparadise.xyz/thinkphp/lang/zh-cn.php
[ info ] [ ROUTE ] array (
  'type' => 'module',
  'module' => 
  array (
    0 => 'index',
    1 => 'login',
    2 => 'login',
  ),
)
[ info ] [ HEADER ] array (
  'via' => 'http/1.1 traffic_server[f2028801-0c1c-4f87-bb9b-a3dc18b3b1a1] (ApacheTrafficServer/9.0.0)',
  'x-forwarded-for' => '11.135.229.49',
  'client-ip' => '11.135.229.49',
  'accept-encoding' => 'gzip',
  'referer' => 'http://jindan.lostinparadise.xyz/',
  'user-agent' => 'Mozilla/5.0 (Macintosh; Intel Mac OS X 10_15_7) AppleWebKit/537.36 (KHTML, like Gecko) Chrome/90.0.4430.212 Safari/537.36',
  'host' => 'jindan.lostinparadise.xyz',
  'content-type' => '',
  'content-length' => '',
)
[ info ] [ PARAM ] array (
  'p_id' => '0',
)
[ info ] [ LANG ] /www/wwwroot/jindan.lostinparadise.xyz/public/../application/index/lang/zh-cn.php
[ info ] [ BEHAVIOR ] Run app\common\behavior\Common @module_init [ RunTime:0.001093s ]
[ info ] [ RUN ] app\index\controller\Login->login[ /www/wwwroot/jindan.lostinparadise.xyz/application/index/controller/Login.php ]
[ info ] [ LOG ] INIT File
